Using pre-set license
Built from '2020.3/staging' branch; Version is '2020.3.4f1 (0abb6314276a) revision 703331'; Using compiler version '192528614'; Build Type 'Release'
OS: 'Windows 10 Home; OS build 19042.1165; Version 2009; 64bit' Language: 'zh' Physical Memory: 16328 MB
BatchMode: 1, IsHumanControllingUs: 0, StartBugReporterOnCrash: 0, Is64bit: 1, IsPro: 0

 COMMAND LINE ARGUMENTS:
C:\Program Files\Unity\Hub\Editor\2020.3.4f1\Editor\Unity.exe
-adb2
-batchMode
-noUpm
-name
AssetImportWorker0
-projectPath
E:/OneDrive - University of Wisconsin-Stout/Desktop/Research/Unity/New Unity Project
-logFile
Logs/AssetImportWorker0.log
-srvPort
59216
Successfully changed project path to: E:/OneDrive - University of Wisconsin-Stout/Desktop/Research/Unity/New Unity Project
E:/OneDrive - University of Wisconsin-Stout/Desktop/Research/Unity/New Unity Project
Using Asset Import Pipeline V2.
Refreshing native plugins compatible for Editor in 20.43 ms, found 0 plugins.
Preloading 0 native plugins for Editor in 0.00 ms.
Initialize engine version: 2020.3.4f1 (0abb6314276a)
[Subsystems] Discovering subsystems at path C:/Program Files/Unity/Hub/Editor/2020.3.4f1/Editor/Data/Resources/UnitySubsystems
[Subsystems] Discovering subsystems at path E:/OneDrive - University of Wisconsin-Stout/Desktop/Research/Unity/New Unity Project/Assets
GfxDevice: creating device client; threaded=0
Direct3D:
    Version:  Direct3D 11.0 [level 11.1]
    Renderer: NVIDIA GeForce RTX 3070 (ID=0x2484)
    Vendor:   
    VRAM:     8043 MB
    Driver:   27.21.14.5751
Initialize mono
Mono path[0] = 'C:/Program Files/Unity/Hub/Editor/2020.3.4f1/Editor/Data/Managed'
Mono path[1] = 'C:/Program Files/Unity/Hub/Editor/2020.3.4f1/Editor/Data/MonoBleedingEdge/lib/mono/unityjit'
Mono config path = 'C:/Program Files/Unity/Hub/Editor/2020.3.4f1/Editor/Data/MonoBleedingEdge/etc'
Using monoOptions --debugger-agent=transport=dt_socket,embedding=1,server=y,suspend=n,address=127.0.0.1:56596
Begin MonoManager ReloadAssembly
Registering precompiled unity dll's ...
Register platform support module: C:/Program Files/Unity/Hub/Editor/2020.3.4f1/Editor/Data/PlaybackEngines/WebGLSupport/UnityEditor.WebGL.Extensions.dll
Register platform support module: C:/Program Files/Unity/Hub/Editor/2020.3.4f1/Editor/Data/PlaybackEngines/WindowsStandaloneSupport/UnityEditor.WindowsStandalone.Extensions.dll
Registered in 0.001679 seconds.
Native extension for WindowsStandalone target not found
Native extension for WebGL target not found
Refreshing native plugins compatible for Editor in 18.62 ms, found 0 plugins.
Preloading 0 native plugins for Editor in 0.00 ms.
Mono: successfully reloaded assembly
- Completed reload, in  0.788 seconds
Platform modules already initialized, skipping
Registering precompiled user dll's ...
Registered in 0.000538 seconds.
Begin MonoManager ReloadAssembly
Native extension for WindowsStandalone target not found
Native extension for WebGL target not found
Refreshing native plugins compatible for Editor in 0.19 ms, found 0 plugins.
Preloading 0 native plugins for Editor in 0.00 ms.
Mono: successfully reloaded assembly
- Completed reload, in  0.547 seconds
Platform modules already initialized, skipping
========================================================================
Worker process is ready to serve import requests
Launched and connected shader compiler UnityShaderCompiler.exe after 0.03 seconds
Refreshing native plugins compatible for Editor in 0.19 ms, found 0 plugins.
Preloading 0 native plugins for Editor in 0.00 ms.
Unloading 1116 Unused Serialized files (Serialized files now loaded: 0)
System memory in use before: 57.6 MB.
System memory in use after: 57.6 MB.

Unloading 10 unused Assets to reduce memory usage. Loaded Objects now: 1558.
Total: 1.671200 ms (FindLiveObjects: 0.198000 ms CreateObjectMapping: 0.050300 ms MarkObjects: 1.351400 ms  DeleteObjects: 0.070600 ms)

========================================================================
Received Import Request.
  path: Assets/PTMreconstruction.shader
  artifactKey: Guid(9bbc40edc54920746a45122bf2e513e2) Importer(815301076,1909f56bfc062723c751e8b465ee728b)
Start importing Assets/PTMreconstruction.shader using Guid(9bbc40edc54920746a45122bf2e513e2) Importer(815301076,1909f56bfc062723c751e8b465ee728b)  -> (artifact id: 'af20d987ac91aac26499048d53e72311') in 0.025232 seconds
  Import took 0.026955 seconds .

========================================================================
Received Import Request.
  Time since last request: 217.294640 seconds.
  path: Assets/PTMreconstruction.shader
  artifactKey: Guid(9bbc40edc54920746a45122bf2e513e2) Importer(815301076,1909f56bfc062723c751e8b465ee728b)
Start importing Assets/PTMreconstruction.shader using Guid(9bbc40edc54920746a45122bf2e513e2) Importer(815301076,1909f56bfc062723c751e8b465ee728b)  -> (artifact id: '7e6a2c4bf4e31829c40598f9538b932c') in 0.001767 seconds
  Import took 0.003472 seconds .

========================================================================
Received Import Request.
  Time since last request: 25.479313 seconds.
  path: Assets/PTMreconstruction.shader
  artifactKey: Guid(9bbc40edc54920746a45122bf2e513e2) Importer(815301076,1909f56bfc062723c751e8b465ee728b)
Start importing Assets/PTMreconstruction.shader using Guid(9bbc40edc54920746a45122bf2e513e2) Importer(815301076,1909f56bfc062723c751e8b465ee728b)  -> (artifact id: '5dfd450c01883161483d2de85192ed60') in 0.001768 seconds
  Import took 0.003255 seconds .

========================================================================
Received Import Request.
  Time since last request: 33.367662 seconds.
  path: Assets/PTMreconstruction.shader
  artifactKey: Guid(9bbc40edc54920746a45122bf2e513e2) Importer(815301076,1909f56bfc062723c751e8b465ee728b)
Start importing Assets/PTMreconstruction.shader using Guid(9bbc40edc54920746a45122bf2e513e2) Importer(815301076,1909f56bfc062723c751e8b465ee728b)  -> (artifact id: '4cb48b869f6ac6e033809d776750cb22') in 0.002394 seconds
  Import took 0.004494 seconds .

AssetImportWorkerClient::OnTransportError - code=2 error=End of file
